                  ;CP/M2.2 boot loader for SPC-1000
                  ; by Miso Kim
                  
                  ;	include "spc-1000_all.inc"	
                  ;   include "spc-1000_cpm.inc"
                  
MSIZE   EQU 58                          ;003a              ;mem size in kbytes
                  ;
BIAS    EQU (MSIZE-20)*1024             ;9800              ;offset from 20k system
CCP     EQU 3400H+BIAS                  ;cc00              ;base of the ccp
BIOS    EQU CCP+1600H                   ;e200              ;base of the bios
BIOSL   EQU 0300H                       ;0300              ;length of the bios
BOOT    EQU BIOS                        ;e200              
SIZE    EQU BIOS+BIOSL-CCP              ;1900              ;size of cp/m system
SECTS   EQU SIZE/128                    ;0032              ;# of sectors to load
DSKIX   EQU 0fa00h-33                   ;f9df              
CPM_RUN EQU 0CB00H                      ;cb00              
CLR2        EQU 00AD5H                  ;0ad5              
CLS     EQU 1b42h                       ;1b42              
                  
SDINIT      EQU 0                       ;0000              
SDWRITE     EQU 1                       ;0001              
SDREAD      EQU 2                       ;0002              
SDSEND      EQU 3                       ;0003              
SDCOPY      EQU 4                       ;0004              
SDFORMAT    EQU 5                       ;0005              
SDSTATUS    EQU 6                       ;0006              
SDDRVSTS    EQU 7                       ;0007              
SDRAMTST    EQU 8                       ;0008              
SDTRANS2    EQU 9                       ;0009              
SDNOACT     EQU 0Ah                     ;000a              
SDTRANS1    EQU 0Bh                     ;000b              
SDRCVE      EQU 0Ch                     ;000c              
SDGO        EQU 0Dh                     ;000d              
SDLOAD      EQU 0Eh                     ;000e              
SDSAVE      EQU 0Fh                     ;000f              
SDLDNGO     EQU 010h                    ;0010              
                  
    ORG CPM_RUN                         ;                  
                                        ;                  
                  ;	DEFB "SYS"
                                        ;                  
                  ;CCP=a800-b005 (track0,sector2-track0,sector10)
                  ;BDOS=b006-bdff (track0,sector10-track1,sector7)
                  ;BIOS jump table and work area=be00-bfff (track1,sector8-9)
                  ;BIOS program=c800-cdff (track1,sector10-15)
                  
    LD  IX,DSKIX                        ;cb00  dd 21 df f9 
    LD  SP,DSKIX                        ;cb04  31 df f9    
    call CLR2                           ;cb07  cd d5 0a    
LOADCPM:                                ;                  
    ld  d, 017h                         ;cb0a  16 17       
    call SENDCOM                        ;cb0c  cd 78 cb    
    ld  d, 3                            ;cb0f  16 03       
    call SENDDAT                        ;cb11  cd 80 cb    
    ld  bc,0002h                        ;cb14  01 02 00    ;track0,sector2
    ld  h,15                            ;cb17  26 0f       ;15 sectors
    ld  de,CCP                          ;cb19  11 00 cc    
    call    LOAD1                       ;cb1c  cd 48 cb    
    ld  bc,0101h                        ;cb1f  01 01 01    
    ld  h,16                            ;cb22  26 10       
    call    LOAD1                       ;cb24  cd 48 cb    
    ld  bc,0201h                        ;cb27  01 01 02    
    ld  h,2                             ;cb2a  26 02       
    call    LOAD1                       ;cb2c  cd 48 cb    
    jp  BIOS                            ;cb2f  c3 00 e2    
                                        ;                  
LOAD:                                   ;                  
    push bc                             ;cb32  c5          
    push hl                             ;cb33  e5          
    ld h,1                              ;cb34  26 01       
    call LOAD1                          ;cb36  cd 48 cb    
    pop hl                              ;cb39  e1          
    pop bc                              ;cb3a  c1          
    ld a,h                              ;cb3b  7c          
    dec a                               ;cb3c  3d          
    ret z                               ;cb3d  c8          
    ld h,a                              ;cb3e  67          
    inc c                               ;cb3f  0c          
    ld a,16                             ;cb40  3e 10       
    dec c                               ;cb42  0d          
    jr nc, LOAD                         ;cb43  30 ed       
    inc b                               ;cb45  04          
    jr LOAD                             ;cb46  18 ea       
LOAD1:                                  ;                  
    PUSH HL                             ;cb48  e5          
    PUSH DE                             ;cb49  d5          
    PUSH BC                             ;cb4a  c5          
    LD  D,SDREAD                        ;cb4b  16 02       ; 
    CALL    SENDCOM                     ;cb4d  cd 78 cb    ;
    LD  D,H                             ;cb50  54          ; # of sectors
    CALL    SENDDAT                     ;cb51  cd 80 cb    ;
    LD  D,0                             ;cb54  16 00       ; drive
    CALL    SENDDAT                     ;cb56  cd 80 cb    ;
    POP  HL                             ;cb59  e1          ;
    LD  D,H                             ;cb5a  54          ; track
    CALL    SENDDAT                     ;cb5b  cd 80 cb    ;
    LD  D,L                             ;cb5e  55          ; sector
    CALL    SENDDAT                     ;cb5f  cd 80 cb    ;
    LD  D,SDSEND                        ;cb62  16 03       ;
    CALL    SENDCOM                     ;cb64  cd 78 cb    ;
    POP HL                              ;cb67  e1          
    POP BC                              ;cb68  c1          
    LD  C,000h                          ;cb69  0e 00       ;
SYM1:                                   ;                  
    CALL    GETDATA                     ;cb6b  cd af cb    ;
    LD  (HL),D                          ;cb6e  72          ;r
    INC HL                              ;cb6f  23          ;#
    DEC BC                              ;cb70  0b          ;
    LD A,B                              ;cb71  78          
    OR C                                ;cb72  b1          
    JR  NZ,SYM1                         ;cb73  20 f6       ;
    LD D,H                              ;cb75  54          
    LD E,L                              ;cb76  5d          
    RET                                 ;cb77  c9          
SENDCOM:                                ;                  
    LD  B,0C0h                          ;cb78  06 c0       ;
    LD  C,002h                          ;cb7a  0e 02       ;
    SET 7,A                             ;cb7c  cb ff       
    OUT (C),A                           ;cb7e  ed 79       ;y
SENDDAT:                                ;                  
    LD  B,0C0h                          ;cb80  06 c0       ;
    LD  C,002h                          ;cb82  0e 02       ;
CHKRFD1:    IN  A,(C)                   ;cb84  ed 78       ;x
    AND 002h                            ;cb86  e6 02       ;
    JR  Z,CHKRFD1                       ;cb88  28 fa       ;(
    LD  C,002h                          ;cb8a  0e 02       ;
    XOR A                               ;cb8c  af          ;
    OUT (C),A                           ;cb8d  ed 79       ; ATN=0
    LD  C,000h                          ;cb8f  0e 00       ;
    OUT (C),D                           ;cb91  ed 51       ;
    LD  C,002h                          ;cb93  0e 02       ;
                  ;    LD	A,010h         	;
    SET 4,A                             ;cb95  cb e7       
    OUT (C),A                           ;cb97  ed 79       ;
    LD  C,002h                          ;cb99  0e 02       ;
CHKDAC2:    IN  A,(C)                   ;cb9b  ed 78       ;x
    AND 004h                            ;cb9d  e6 04       ;
    JR  Z,CHKDAC2                       ;cb9f  28 fa       ;(
    LD  C,002h                          ;cba1  0e 02       ;
    XOR A                               ;cba3  af          ;
    OUT (C),A                           ;cba4  ed 79       ;y
    LD  C,002h                          ;cba6  0e 02       ;
CHKDAC3:    IN  A,(C)                   ;cba8  ed 78       ;x
    AND 004h                            ;cbaa  e6 04       ;
    JR  NZ,CHKDAC3                      ;cbac  20 fa       ; 
    RET                                 ;cbae  c9          ;
GETDATA:                                ;                  
    PUSH    BC                          ;cbaf  c5          ;
    LD  C,002h                          ;cbb0  0e 02       ;
    LD  B,0C0h                          ;cbb2  06 c0       ;
    LD  A,020h                          ;cbb4  3e 20       ;> 
    SET 5,A                             ;cbb6  cb ef       
    OUT (C),A                           ;cbb8  ed 79       ;y
    LD  C,002h                          ;cbba  0e 02       ;
CHKDAV0:    IN  A,(C)                   ;cbbc  ed 78       ;x
    AND 001h                            ;cbbe  e6 01       ;
    JR  Z,CHKDAV0                       ;cbc0  28 fa       ;(
    LD  C,002h                          ;cbc2  0e 02       ;
    XOR A                               ;cbc4  af          ;
    OUT (C),A                           ;cbc5  ed 79       ;y
    LD  C,001h                          ;cbc7  0e 01       ;
    IN  D,(C)                           ;cbc9  ed 50       ;P
    LD  C,002h                          ;cbcb  0e 02       ;
                  ;    LD	A,040h         	;>@
    SET 6,A                             ;cbcd  cb f7       
    OUT (C),A                           ;cbcf  ed 79       ;y
    LD  C,002h                          ;cbd1  0e 02       ;
CHKDAV1:    IN  A,(C)                   ;cbd3  ed 78       ;x
    AND 001h                            ;cbd5  e6 01       ;
    JR  NZ,CHKDAV1                      ;cbd7  20 fa       ; 
    LD  C,002h                          ;cbd9  0e 02       ;
    XOR A                               ;cbdb  af          ;
    OUT (C),A                           ;cbdc  ed 79       ;y
    POP BC                              ;cbde  c1          ;
    RET                                 ;cbdf  c9          ;	
    END                                 ;cbe0              
;Z80-Assembler		Release 1.6				Page 1
;Source file: spc-1000_cpm_boot.asm
;Title:       Symboltable

SDINIT   0000	SDWRITE  0001	SDREAD   0002	SDSEND   0003	
SDCOPY   0004	SDFORMAT 0005	SDSTATUS 0006	SDDRVSTS 0007	
SDRAMTST 0008	SDTRANS2 0009	SDNOACT  000a	SDTRANS1 000b	
SDRCVE   000c	SDGO     000d	SDLOAD   000e	SDSAVE   000f	
SDLDNGO  0010	SECTS    0032	MSIZE    003a	BIOSL    0300	
CLR2     0ad5	SIZE     1900	CLS      1b42	BIAS     9800	
CPM_RUN  cb00	LOADCPM  cb0a	LOAD     cb32	LOAD1    cb48	
SYM1     cb6b	SENDCOM  cb78	SENDDAT  cb80	CHKRFD1  cb84	
CHKDAC2  cb9b	CHKDAC3  cba8	GETDATA  cbaf	CHKDAV0  cbbc	
CHKDAV1  cbd3	CCP      cc00	BOOT     e200	BIOS     e200	
DSKIX    f9df	

No undefined symbol.
